2024-06-22 23:06:480 INFO  ManageBrowser :32 - Chrome Browser Launch.....
2024-06-22 23:06:83 INFO  TopMenuPage :60 - click on desktop [[ChromeDriver: chrome on windows (a2a68790c2de461ffdb84e28b76a4fc8)] -> link text: Desktops]
2024-06-22 23:06:737 INFO  ManageBrowser :32 - Chrome Browser Launch.....
2024-06-22 23:06:940 INFO  TopMenuPage :60 - click on desktop [[ChromeDriver: chrome on windows (bdf4d07f16e39b8c157237adb1c42e80)] -> link text: Desktops]
2024-06-22 23:06:181 INFO  ManageBrowser :32 - Chrome Browser Launch.....
2024-06-22 23:06:891 INFO  TopMenuPage :60 - click on desktop [[ChromeDriver: chrome on windows (f769ef1faf7e5d8401fc3b596aacb803)] -> link text: Desktops]
2024-06-22 23:06:680 INFO  ManageBrowser :32 - Chrome Browser Launch.....
2024-06-22 23:06:894 INFO  TopMenuPage :60 - click on desktop [[ChromeDriver: chrome on windows (614d97a0bccd7915b75bf0e42b02dd0a)] -> link text: Desktops]
2024-06-22 23:06:507 INFO  ManageBrowser :32 - Chrome Browser Launch.....
2024-06-22 23:06:587 INFO  TopMenuPage :60 - click on desktop [[ChromeDriver: chrome on windows (3be996605b4d5dea60610736268ac19e)] -> link text: Desktops]
2024-06-22 23:06:922 INFO  ManageBrowser :32 - Chrome Browser Launch.....
2024-06-22 23:06:984 INFO  TopMenuPage :60 - click on desktop [[ChromeDriver: chrome on windows (c10997b83f1a6efd8d7a93bd697a19a4)] -> link text: Desktops]
2024-06-22 23:06:852 INFO  ManageBrowser :32 - Chrome Browser Launch.....
2024-06-22 23:06:504 INFO  TopMenuPage :60 - click on desktop [[ChromeDriver: chrome on windows (532492fe90e08d146ba1260685bba0ca)] -> link text: Desktops]
2024-06-22 23:06:962 INFO  ManageBrowser :32 - Chrome Browser Launch.....
2024-06-22 23:06:796 INFO  ManageBrowser :32 - Chrome Browser Launch.....
2024-06-22 23:06:812 INFO  ManageBrowser :32 - Chrome Browser Launch.....
2024-06-23 00:06:355 INFO  ManageBrowser :32 - Chrome Browser Launch.....
2024-06-23 00:06:291 INFO  ManageBrowser :32 - Chrome Browser Launch.....
2024-06-23 00:06:44 INFO  ManageBrowser :32 - Chrome Browser Launch.....
2024-06-23 00:06:945 INFO  ManageBrowser :32 - Chrome Browser Launch.....
2024-06-23 08:06:674 INFO  ManageBrowser :32 - Chrome Browser Launch.....
2024-06-23 09:06:202 INFO  ManageBrowser :32 - Chrome Browser Launch.....
2024-06-23 09:06:606 INFO  TopMenuPage :60 - click on desktop [[ChromeDriver: chrome on windows (3c2bdac9b67b775d9a4ea9e99ec27044)] -> link text: Desktops]
2024-06-23 09:06:416 INFO  ManageBrowser :32 - Chrome Browser Launch.....
2024-06-23 09:06:537 INFO  TopMenuPage :60 - click on desktop [[ChromeDriver: chrome on windows (3a851f126e46adaf57cb9071fafa4619)] -> link text: Desktops]
2024-06-23 09:06:447 INFO  TopMenuPage :65 - get text desktops [[ChromeDriver: chrome on windows (3a851f126e46adaf57cb9071fafa4619)] -> link text: Desktops]
2024-06-23 10:06:483 INFO  ManageBrowser :32 - Chrome Browser Launch.....
2024-06-23 10:06:55 INFO  TopMenuPage :71 - mouseHoverOnLaptopsAndNotebooksTab[[ChromeDriver: chrome on windows (9383ce8d033f0f8313bae78e31882283)] -> link text: Laptops & Notebooks]
2024-06-23 10:06:324 INFO  TopMenuPage :65 - get text desktops [[ChromeDriver: chrome on windows (9383ce8d033f0f8313bae78e31882283)] -> link text: Desktops]
2024-06-23 10:06:908 INFO  ManageBrowser :32 - Chrome Browser Launch.....
2024-06-23 10:06:388 INFO  TopMenuPage :71 - mouseHoverOnLaptopsAndNotebooksTab[[ChromeDriver: chrome on windows (3c1c876d83a159832590dd2fddd2f525)] -> link text: Laptops & Notebooks]
2024-06-23 10:06:180 INFO  ManageBrowser :32 - Chrome Browser Launch.....
2024-06-23 10:06:416 INFO  TopMenuPage :71 - mouseHoverOnLaptopsAndNotebooksTab[[ChromeDriver: chrome on windows (cf49036a76ae1d49cdca9e05f836c83f)] -> link text: Laptops & Notebooks]
2024-06-23 11:06:256 INFO  ManageBrowser :32 - Chrome Browser Launch.....
2024-06-23 11:06:621 INFO  TopMenuPage :71 - mouseHoverOnLaptopsAndNotebooksTab[[ChromeDriver: chrome on windows (0422ebf4cce59a26fce5964b5b282478)] -> link text: Laptops & Notebooks]
2024-06-23 11:06:761 INFO  TopMenuPage :75 - getLaptopsAndNotebooksText[[ChromeDriver: chrome on windows (0422ebf4cce59a26fce5964b5b282478)] -> css selector: body:nth-child(2) div.container:nth-child(4) div.row div.col-sm-9 > h2:nth-child(1)]
2024-06-23 16:06:898 INFO  ManageBrowser :32 - Chrome Browser Launch.....
2024-06-23 16:06:533 INFO  TopMenuPage :80 - mouseHoverToComponentsTab[[ChromeDriver: chrome on windows (538e3a6decb5c6ac5b0d48ac6f695e67)] -> link text: Components]
2024-06-23 16:06:336 INFO  TopMenuPage :86 - getComponentsText[[ChromeDriver: chrome on windows (538e3a6decb5c6ac5b0d48ac6f695e67)] -> xpath: //h2[contains(text(),'Components')]]
2024-06-23 16:06:244 INFO  ManageBrowser :32 - Chrome Browser Launch.....
2024-06-23 16:06:95 INFO  ManageBrowser :32 - Chrome Browser Launch.....
2024-06-23 16:06:143 INFO  ManageBrowser :32 - Chrome Browser Launch.....
2024-06-23 16:06:333 INFO  TopMenuPage :60 - click on desktop [[ChromeDriver: chrome on windows (51d216f2bc3fc1c4cbf758bb751d4bd4)] -> link text: Desktops]
2024-06-23 16:06:260 INFO  TopMenuPage :65 - get text desktops [[ChromeDriver: chrome on windows (51d216f2bc3fc1c4cbf758bb751d4bd4)] -> link text: Desktops]
2024-06-23 16:06:373 INFO  ManageBrowser :32 - Chrome Browser Launch.....
2024-06-23 16:06:175 INFO  ManageBrowser :32 - Chrome Browser Launch.....
2024-06-23 16:06:746 INFO  TopMenuPage :60 - click on desktop [[ChromeDriver: chrome on windows (45c34bef14991e16ccffdad31fc35566)] -> link text: Desktops]
2024-06-23 16:06:465 INFO  TopMenuPage :65 - get text desktops [[ChromeDriver: chrome on windows (45c34bef14991e16ccffdad31fc35566)] -> link text: Desktops]
2024-06-23 16:06:85 INFO  ManageBrowser :32 - Chrome Browser Launch.....
2024-06-23 16:06:398 INFO  TopMenuPage :60 - click on desktop [[ChromeDriver: chrome on windows (7e229d578e91b896d1e4ff9e8764047f)] -> link text: Desktops]
2024-06-23 16:06:588 INFO  DesktopsPage :139 - Sort Name (Z-A) By Position NameZtoA[[ChromeDriver: chrome on windows (7e229d578e91b896d1e4ff9e8764047f)] -> xpath: //select[@id='input-sort']]
2024-06-23 16:06:744 INFO  ManageBrowser :32 - Chrome Browser Launch.....
2024-06-23 16:06:41 INFO  TopMenuPage :60 - click on desktop [[ChromeDriver: chrome on windows (4e28e14321d02f300f736fc0575b6ca3)] -> link text: Desktops]
2024-06-23 16:06:549 INFO  TopMenuPage :65 - get text desktops [[ChromeDriver: chrome on windows (4e28e14321d02f300f736fc0575b6ca3)] -> link text: Desktops]
2024-06-23 18:06:430 INFO  ManageBrowser :32 - Chrome Browser Launch.....
2024-06-23 18:06:02 INFO  TopMenuPage :60 - click on desktop [[ChromeDriver: chrome on windows (9776c5ecbffc919324b503c217941cbc)] -> link text: Desktops]
2024-06-23 18:06:116 INFO  DesktopsPage :139 - Sort Name (Z - A) By Position NameZtoA[[ChromeDriver: chrome on windows (9776c5ecbffc919324b503c217941cbc)] -> xpath: //select[@id='input-sort']]
2024-06-23 18:06:199 INFO  ManageBrowser :32 - Chrome Browser Launch.....
2024-06-23 18:06:173 INFO  TopMenuPage :60 - click on desktop [[ChromeDriver: chrome on windows (efe6332231703b49188d6e7458b75a75)] -> link text: Desktops]
2024-06-23 18:06:332 INFO  TopMenuPage :65 - get text desktops [[ChromeDriver: chrome on windows (efe6332231703b49188d6e7458b75a75)] -> link text: Desktops]
2024-06-23 18:06:123 INFO  ManageBrowser :32 - Chrome Browser Launch.....
2024-06-23 18:06:506 INFO  TopMenuPage :60 - click on desktop [[ChromeDriver: chrome on windows (a97d0d7bdb0ae59c5a9e33b68a019920)] -> link text: Desktops]
2024-06-23 18:06:539 INFO  DesktopsPage :139 - Sort Name (Z - A) By Position NameZtoA[[ChromeDriver: chrome on windows (a97d0d7bdb0ae59c5a9e33b68a019920)] -> xpath: //select[@id='input-sort']]
2024-06-23 18:06:376 INFO  ManageBrowser :32 - Chrome Browser Launch.....
2024-06-23 18:06:933 INFO  TopMenuPage :60 - click on desktop [[ChromeDriver: chrome on windows (27e505ded3c66db69f9f85be264592d3)] -> link text: Desktops]
2024-06-23 18:06:526 INFO  DesktopsPage :139 - Sort Name (Z - A) By Position NameZtoA[[ChromeDriver: chrome on windows (27e505ded3c66db69f9f85be264592d3)] -> xpath: //select[@id='input-sort']]
2024-06-23 18:06:595 INFO  ManageBrowser :32 - Chrome Browser Launch.....
2024-06-23 18:06:278 INFO  TopMenuPage :60 - click on desktop [[ChromeDriver: chrome on windows (0dff89cbfd2ab7c284523721af5190c4)] -> link text: Desktops]
2024-06-23 18:06:267 INFO  DesktopsPage :139 - Sort Name (Z - A) By Position NameZtoA[[ChromeDriver: chrome on windows (0dff89cbfd2ab7c284523721af5190c4)] -> xpath: //select[@id='input-sort']]
2024-06-23 18:06:178 INFO  ManageBrowser :32 - Chrome Browser Launch.....
2024-06-23 18:06:65 INFO  TopMenuPage :60 - click on desktop [[ChromeDriver: chrome on windows (9c641d4b41e3f1166cd1e4034ff49c1a)] -> link text: Desktops]
2024-06-23 18:06:219 INFO  DesktopsPage :139 - Sort Name (Z - A) By Position NameZtoA[[ChromeDriver: chrome on windows (9c641d4b41e3f1166cd1e4034ff49c1a)] -> xpath: //select[@id='input-sort']]
2024-06-23 18:06:462 INFO  ManageBrowser :32 - Chrome Browser Launch.....
2024-06-23 18:06:558 INFO  TopMenuPage :60 - click on desktop [[ChromeDriver: chrome on windows (94dbad4878e2426c6c81ec23452fade8)] -> link text: Desktops]
2024-06-23 18:06:230 INFO  DesktopsPage :139 - Sort Name (Z - A) By Position NameZtoAProxy element for: DefaultElementLocator 'By.xpath: //select[@id='input-sort']'
2024-06-23 18:06:855 INFO  ManageBrowser :32 - Chrome Browser Launch.....
2024-06-23 18:06:842 INFO  TopMenuPage :60 - click on desktop [[ChromeDriver: chrome on windows (ae5b611a2e4584da9509ad95672ebacb)] -> link text: Desktops]
2024-06-23 18:06:178 INFO  DesktopsPage :139 - Sort Name (Z - A) By Position NameZtoAProxy element for: DefaultElementLocator 'By.xpath: //select[@id='input-sort']'
2024-06-23 18:06:670 INFO  ManageBrowser :32 - Chrome Browser Launch.....
2024-06-23 18:06:934 INFO  DesktopsPage :139 - Sort Name (Z - A) By Position NameZtoAProxy element for: DefaultElementLocator 'By.xpath: //select[@id='input-sort']'
2024-06-23 18:06:223 INFO  ManageBrowser :32 - Chrome Browser Launch.....
2024-06-23 18:06:658 INFO  DesktopsPage :139 - Sort Name (Z - A) By Position NameZtoA[[ChromeDriver: chrome on windows (b87cf4bbecbd3701ece04d60bb6dcf03)] -> xpath: //select[@id='input-sort']]
2024-06-23 18:06:538 INFO  ManageBrowser :32 - Chrome Browser Launch.....
2024-06-23 18:06:454 INFO  DesktopsPage :139 - Sort Name (Z - A) By Position NameZtoAProxy element for: DefaultElementLocator 'By.xpath: //select[@id='input-sort']'
2024-06-23 18:06:17 INFO  ManageBrowser :32 - Chrome Browser Launch.....
2024-06-23 18:06:167 INFO  ManageBrowser :32 - Chrome Browser Launch.....
2024-06-23 18:06:48 INFO  DesktopsPage :139 - Sort Name (Z - A) By Position NameZtoAProxy element for: DefaultElementLocator 'By.xpath: //select[@id='input-sort']'
2024-06-23 18:06:774 INFO  ManageBrowser :32 - Chrome Browser Launch.....
2024-06-23 18:06:601 INFO  DesktopsPage :139 - Sort Name (Z - A) By Position NameZtoAProxy element for: DefaultElementLocator 'By.xpath: //select[@id='input-sort']'
2024-06-23 19:06:138 INFO  ManageBrowser :32 - Chrome Browser Launch.....
2024-06-23 19:06:536 INFO  DesktopsPage :139 - Sort Name (Z - A) By Position NameZtoAProxy element for: DefaultElementLocator 'By.xpath: //select[@id='input-sort']'
2024-06-23 19:06:765 INFO  ManageBrowser :32 - Chrome Browser Launch.....
2024-06-23 19:06:959 INFO  ManageBrowser :32 - Chrome Browser Launch.....
2024-06-23 19:06:388 INFO  ManageBrowser :32 - Chrome Browser Launch.....
2024-06-23 19:06:889 INFO  DesktopsPage :139 - Sort Name (Z - A) By Position NameZtoA[[ChromeDriver: chrome on windows (31f803b8222a7e97d28cec39bf7c098c)] -> xpath: //select[@id='input-sort']]
2024-06-23 19:06:729 INFO  ManageBrowser :32 - Chrome Browser Launch.....
2024-06-23 19:06:116 INFO  DesktopsPage :139 - Sort Name (Z - A) By Position NameZtoAProxy element for: DefaultElementLocator 'By.xpath: //select[@id='input-sort']'
2024-06-23 22:06:453 INFO  ManageBrowser :32 - Chrome Browser Launch.....
2024-06-23 22:06:898 INFO  TopMenuPage :60 - click on desktop [[ChromeDriver: chrome on windows (41311f90270cc80634a360cb42479d76)] -> link text: Desktops]
2024-06-23 22:06:363 INFO  DesktopsPage :139 - Sort Name (Z - A) By Position NameZtoA[[ChromeDriver: chrome on windows (41311f90270cc80634a360cb42479d76)] -> xpath: //select[@id='input-sort']]
2024-06-23 22:06:673 INFO  ManageBrowser :32 - Chrome Browser Launch.....
2024-06-23 22:06:185 INFO  ManageBrowser :32 - Chrome Browser Launch.....
2024-06-23 22:06:557 INFO  TopMenuPage :60 - click on desktop [[ChromeDriver: chrome on windows (fa6fe9d7b1f6c76aba4ce0614b378771)] -> link text: Desktops]
2024-06-23 22:06:900 INFO  TopMenuPage :65 - get text desktops [[ChromeDriver: chrome on windows (fa6fe9d7b1f6c76aba4ce0614b378771)] -> link text: Desktops]
2024-06-23 22:06:934 INFO  ManageBrowser :32 - Chrome Browser Launch.....
2024-06-23 22:06:351 INFO  TopMenuPage :71 - mouseHoverOnLaptopsAndNotebooksTab[[ChromeDriver: chrome on windows (1c94a25c3ed902d8b8ae69335e8b1c6f)] -> link text: Laptops & Notebooks]
2024-06-23 22:06:477 INFO  TopMenuPage :75 - getLaptopsAndNotebooksText[[ChromeDriver: chrome on windows (1c94a25c3ed902d8b8ae69335e8b1c6f)] -> css selector: body:nth-child(2) div.container:nth-child(4) div.row div.col-sm-9 > h2:nth-child(1)]
2024-06-23 22:06:83 INFO  ManageBrowser :32 - Chrome Browser Launch.....
2024-06-23 22:06:203 INFO  TopMenuPage :80 - mouseHoverToComponentsTab[[ChromeDriver: chrome on windows (5f4dce8afabf8f4fe45c5a46de4123d6)] -> link text: Components]
2024-06-23 22:06:543 INFO  TopMenuPage :86 - getComponentsText[[ChromeDriver: chrome on windows (5f4dce8afabf8f4fe45c5a46de4123d6)] -> xpath: //h2[contains(text(),'Components')]]
2024-06-23 22:06:42 INFO  ManageBrowser :32 - Chrome Browser Launch.....
2024-06-23 22:06:688 INFO  ManageBrowser :32 - Chrome Browser Launch.....
2024-06-23 22:06:608 INFO  ManageBrowser :32 - Chrome Browser Launch.....
2024-06-23 22:06:140 INFO  ManageBrowser :32 - Chrome Browser Launch.....
2024-06-23 22:06:748 INFO  MyAccountsPage :105 - click On MyAccount Link [[ChromeDriver: chrome on windows (a7d552e5cb8cf1f0fcbc755c52293f1a)] -> xpath: //span[contains(text(),'My Account')]]
2024-06-23 22:06:45 INFO  MyAccountsPage :110 - getRegisterAccountMessage[[ChromeDriver: chrome on windows (a7d552e5cb8cf1f0fcbc755c52293f1a)] -> xpath: //h1[contains(text(),'Register Account')]]
2024-06-23 22:06:657 INFO  ManageBrowser :32 - Chrome Browser Launch.....
2024-06-23 22:06:703 INFO  TopMenuPage :60 - click on desktop [[ChromeDriver: chrome on windows (2faca2df9811b4ef4142b891ef39e265)] -> link text: Desktops]
2024-06-23 22:06:667 INFO  TopMenuPage :65 - get text desktops [[ChromeDriver: chrome on windows (2faca2df9811b4ef4142b891ef39e265)] -> link text: Desktops]
2024-06-23 22:06:774 INFO  ManageBrowser :32 - Chrome Browser Launch.....
2024-06-23 22:06:787 INFO  TopMenuPage :71 - mouseHoverOnLaptopsAndNotebooksTab[[ChromeDriver: chrome on windows (3748d85c9354e372964b00e7a8b61007)] -> link text: Laptops & Notebooks]
2024-06-23 22:06:746 INFO  TopMenuPage :75 - getLaptopsAndNotebooksText[[ChromeDriver: chrome on windows (3748d85c9354e372964b00e7a8b61007)] -> css selector: body:nth-child(2) div.container:nth-child(4) div.row div.col-sm-9 > h2:nth-child(1)]
2024-06-23 22:06:790 INFO  ManageBrowser :32 - Chrome Browser Launch.....
2024-06-23 22:06:396 INFO  TopMenuPage :80 - mouseHoverToComponentsTab[[ChromeDriver: chrome on windows (c99744ddca322591d3af8c576ca0b99d)] -> link text: Components]
2024-06-23 22:06:444 INFO  TopMenuPage :86 - getComponentsText[[ChromeDriver: chrome on windows (c99744ddca322591d3af8c576ca0b99d)] -> xpath: //h2[contains(text(),'Components')]]
2024-06-23 22:06:261 INFO  ManageBrowser :32 - Chrome Browser Launch.....
2024-06-23 22:06:120 INFO  DesktopsPage :139 - Sort Name (Z - A) By Position NameZtoA[[ChromeDriver: chrome on windows (cee547d9bb8a8b39fa1edd8dc99f7ffe)] -> xpath: //select[@id='input-sort']]
2024-06-23 22:06:416 INFO  ManageBrowser :32 - Chrome Browser Launch.....
2024-06-23 22:06:684 INFO  ManageBrowser :32 - Chrome Browser Launch.....
2024-06-23 22:06:496 INFO  MyAccountsPage :105 - click On MyAccount Link [[ChromeDriver: chrome on windows (916a5312bbedd1d7af830d574421899d)] -> xpath: //span[contains(text(),'My Account')]]
2024-06-23 22:06:337 INFO  ManageBrowser :32 - Chrome Browser Launch.....
2024-06-23 22:06:338 INFO  TopMenuPage :71 - mouseHoverOnLaptopsAndNotebooksTab[[ChromeDriver: chrome on windows (1e8144bcbb19014f22f2ae3e81a164c2)] -> link text: Laptops & Notebooks]
2024-06-23 22:06:428 INFO  TopMenuPage :75 - getLaptopsAndNotebooksText[[ChromeDriver: chrome on windows (1e8144bcbb19014f22f2ae3e81a164c2)] -> css selector: body:nth-child(2) div.container:nth-child(4) div.row div.col-sm-9 > h2:nth-child(1)]
2024-06-23 23:06:219 INFO  ManageBrowser :32 - Chrome Browser Launch.....
2024-06-23 23:06:821 INFO  MyAccountsPage :105 - click On MyAccount Link [[ChromeDriver: chrome on windows (3c99b71b8e6df19570932ca52b701073)] -> xpath: //span[contains(text(),'My Account')]]
2024-06-23 23:06:435 INFO  ManageBrowser :32 - Chrome Browser Launch.....
2024-06-23 23:06:507 INFO  MyAccountsPage :105 - click On MyAccount Link [[ChromeDriver: chrome on windows (eb806b33b8fb0bb15c4d97175a8897ac)] -> xpath: //span[contains(text(),'My Account')]]
2024-06-23 23:06:420 INFO  ManageBrowser :32 - Chrome Browser Launch.....
2024-06-23 23:06:172 INFO  MyAccountsPage :105 - click On MyAccount Link [[ChromeDriver: chrome on windows (8e9a579078282d2518be09ea4a65c0b5)] -> xpath: //span[contains(text(),'My Account')]]
2024-06-23 23:06:839 INFO  MyAccountsPage :193 - getAccountLogoutMessage[[ChromeDriver: chrome on windows (8e9a579078282d2518be09ea4a65c0b5)] -> xpath: //h1[contains(text(),'Account Logout')]]
2024-06-23 23:06:31 INFO  ManageBrowser :32 - Chrome Browser Launch.....
2024-06-23 23:06:64 INFO  MyAccountsPage :105 - click On MyAccount Link [[ChromeDriver: chrome on windows (96613c99f1df68ede06d7203734b204c)] -> xpath: //span[contains(text(),'My Account')]]
2024-06-23 23:06:470 INFO  ManageBrowser :32 - Chrome Browser Launch.....
2024-06-23 23:06:355 INFO  TopMenuPage :60 - click on desktop [[ChromeDriver: chrome on windows (983e121ae1cc61eefd01c6096ba199d0)] -> link text: Desktops]
2024-06-23 23:06:732 INFO  DesktopsPage :139 - Sort Name (Z - A) By Position NameZtoA[[ChromeDriver: chrome on windows (983e121ae1cc61eefd01c6096ba199d0)] -> xpath: //select[@id='input-sort']]
2024-06-23 23:06:834 INFO  ManageBrowser :32 - Chrome Browser Launch.....
2024-06-23 23:06:73 INFO  DesktopsPage :139 - Sort Name (Z - A) By Position NameZtoA[[ChromeDriver: chrome on windows (07bf68042ee984c3ecac4439c6cff441)] -> xpath: //select[@id='input-sort']]
2024-06-23 23:06:180 INFO  ManageBrowser :32 - Chrome Browser Launch.....
2024-06-23 23:06:586 INFO  ManageBrowser :32 - Chrome Browser Launch.....
2024-06-23 23:06:854 INFO  TopMenuPage :60 - click on desktop [[ChromeDriver: chrome on windows (b994771358276b701fc3b8acb8b43af5)] -> link text: Desktops]
2024-06-23 23:06:904 INFO  DesktopsPage :139 - Sort Name (Z - A) By Position NameZtoA[[ChromeDriver: chrome on windows (b994771358276b701fc3b8acb8b43af5)] -> xpath: //select[@id='input-sort']]
2024-06-23 23:06:903 INFO  ManageBrowser :32 - Chrome Browser Launch.....
2024-06-23 23:06:191 INFO  ManageBrowser :32 - Chrome Browser Launch.....
2024-06-23 23:06:77 INFO  MyAccountsPage :105 - click On MyAccount Link [[ChromeDriver: chrome on windows (ad297caf6a1660da03df31b7fe988080)] -> xpath: //span[contains(text(),'My Account')]]
2024-06-23 23:06:891 INFO  MyAccountsPage :110 - getRegisterAccountMessage[[ChromeDriver: chrome on windows (ad297caf6a1660da03df31b7fe988080)] -> xpath: //h1[contains(text(),'Register Account')]]
2024-06-23 23:06:41 INFO  ManageBrowser :32 - Chrome Browser Launch.....
2024-06-23 23:06:708 INFO  MyAccountsPage :105 - click On MyAccount Link [[ChromeDriver: chrome on windows (e343191d124dac7d831810fac3bd90a8)] -> xpath: //span[contains(text(),'My Account')]]
2024-06-23 23:06:793 INFO  ManageBrowser :32 - Chrome Browser Launch.....
2024-06-23 23:06:840 INFO  TopMenuPage :60 - click on desktop [[ChromeDriver: chrome on windows (8b6ffa445ad63bc295c47daa0f44942a)] -> link text: Desktops]
2024-06-23 23:06:977 INFO  TopMenuPage :65 - get text desktops [[ChromeDriver: chrome on windows (8b6ffa445ad63bc295c47daa0f44942a)] -> link text: Desktops]
2024-06-23 23:06:132 INFO  ManageBrowser :32 - Chrome Browser Launch.....
2024-06-23 23:06:151 INFO  MyAccountsPage :105 - click On MyAccount Link [[ChromeDriver: chrome on windows (5727a3a8e65953873c186feee1fb0e3b)] -> xpath: //span[contains(text(),'My Account')]]
2024-06-23 23:06:246 INFO  ManageBrowser :32 - Chrome Browser Launch.....
2024-06-23 23:06:381 INFO  MyAccountsPage :105 - click On MyAccount Link [[ChromeDriver: chrome on windows (7146acc2962ea41645c07c97d57e574a)] -> xpath: //span[contains(text(),'My Account')]]
2024-06-23 23:06:842 INFO  MyAccountsPage :193 - getAccountLogoutMessage[[ChromeDriver: chrome on windows (7146acc2962ea41645c07c97d57e574a)] -> xpath: //h1[contains(text(),'Account Logout')]]
2024-06-23 23:06:785 INFO  ManageBrowser :32 - Chrome Browser Launch.....
2024-06-23 23:06:636 INFO  MyAccountsPage :105 - click On MyAccount Link [[ChromeDriver: chrome on windows (cdc214aa76b44d5ca48cad8ba8f6973e)] -> xpath: //span[contains(text(),'My Account')]]
2024-06-23 23:06:396 INFO  MyAccountsPage :193 - getAccountLogoutMessage[[ChromeDriver: chrome on windows (cdc214aa76b44d5ca48cad8ba8f6973e)] -> xpath: //h1[contains(text(),'Account Logout')]]
2024-06-23 23:06:549 INFO  ManageBrowser :32 - Chrome Browser Launch.....
2024-06-23 23:06:826 INFO  DesktopsPage :139 - Sort Name (Z - A) By Position NameZtoA[[ChromeDriver: chrome on windows (7fe84ed1d42b6c62026d4c65f90daaca)] -> xpath: //select[@id='input-sort']]
2024-06-23 23:06:753 INFO  ManageBrowser :32 - Chrome Browser Launch.....
2024-06-23 23:06:856 INFO  DesktopsPage :139 - Sort Name (Z - A) By Position NameZtoA[[ChromeDriver: chrome on windows (dd2c35a5abf121632ebb2f04946d779e)] -> xpath: //select[@id='input-sort']]
2024-06-23 23:06:910 INFO  ManageBrowser :32 - Chrome Browser Launch.....
